<?xml version="1.0" encoding="UTF-8"?>
<robot generator="Robot 6.1.1 (Python 3.12.3 on linux)" generated="20241122 23:31:56.331" rpa="false" schemaversion="4">
<suite id="s1" name="Register" source="/home/kirillke/TKT/OHTU/palautusrepositorio/viikko3/web-login/src/tests/register.robot">
<kw name="Open And Configure Browser" library="resource" type="SETUP">
<if>
<branch type="IF" condition="$BROWSER == 'chrome'">
<kw name="Evaluate" library="BuiltIn">
<var>${options}</var>
<arg>sys.modules['selenium.webdriver'].ChromeOptions()</arg>
<arg>sys</arg>
<doc>Evaluates the given expression in Python and returns the result.</doc>
<msg timestamp="20241122 23:31:56.445" level="INFO">${options} = &lt;selenium.webdriver.chrome.options.Options object at 0x79c6cf6cfd70&gt;</msg>
<status status="PASS" starttime="20241122 23:31:56.445" endtime="20241122 23:31:56.445"/>
</kw>
<status status="PASS" starttime="20241122 23:31:56.445" endtime="20241122 23:31:56.445"/>
</branch>
<branch type="ELSE IF" condition="$BROWSER == 'firefox'">
<kw name="Evaluate" library="BuiltIn">
<var>${options}</var>
<arg>sys.modules['selenium.webdriver'].FirefoxOptions()</arg>
<arg>sys</arg>
<doc>Evaluates the given expression in Python and returns the result.</doc>
<status status="NOT RUN" starttime="20241122 23:31:56.445" endtime="20241122 23:31:56.445"/>
</kw>
<status status="NOT RUN" starttime="20241122 23:31:56.445" endtime="20241122 23:31:56.445"/>
</branch>
<status status="PASS" starttime="20241122 23:31:56.445" endtime="20241122 23:31:56.445"/>
</if>
<if>
<branch type="IF" condition="$HEADLESS == 'true'">
<kw name="Set Selenium Speed" library="SeleniumLibrary">
<arg>0</arg>
<doc>Sets the delay that is waited after each Selenium command.</doc>
<status status="NOT RUN" starttime="20241122 23:31:56.445" endtime="20241122 23:31:56.445"/>
</kw>
<kw name="Call Method" library="BuiltIn">
<arg>${options}</arg>
<arg>add_argument</arg>
<arg>--headless</arg>
<doc>Calls the named method of the given object with the provided arguments.</doc>
<status status="NOT RUN" starttime="20241122 23:31:56.446" endtime="20241122 23:31:56.446"/>
</kw>
<status status="NOT RUN" starttime="20241122 23:31:56.445" endtime="20241122 23:31:56.446"/>
</branch>
<branch type="ELSE">
<kw name="Set Selenium Speed" library="SeleniumLibrary">
<arg>${DELAY}</arg>
<doc>Sets the delay that is waited after each Selenium command.</doc>
<status status="PASS" starttime="20241122 23:31:56.446" endtime="20241122 23:31:56.446"/>
</kw>
<status status="PASS" starttime="20241122 23:31:56.446" endtime="20241122 23:31:56.446"/>
</branch>
<status status="PASS" starttime="20241122 23:31:56.445" endtime="20241122 23:31:56.446"/>
</if>
<kw name="Open Browser" library="SeleniumLibrary">
<arg>browser=${BROWSER}</arg>
<arg>options=${options}</arg>
<doc>Opens a new browser instance to the optional ``url``.</doc>
<msg timestamp="20241122 23:31:56.446" level="INFO">Opening browser 'chrome' to base url 'None'.</msg>
<status status="PASS" starttime="20241122 23:31:56.446" endtime="20241122 23:31:56.891"/>
</kw>
<status status="PASS" starttime="20241122 23:31:56.445" endtime="20241122 23:31:56.891"/>
</kw>
<test id="s1-t1" name="Register And Login With Valid Username And Password" line="55">
<kw name="Reset Application Create User And Go To Register Page" type="SETUP">
<kw name="Reset Application" library="AppLibrary">
<status status="PASS" starttime="20241122 23:31:56.892" endtime="20241122 23:31:56.895"/>
</kw>
<kw name="Create User" library="AppLibrary">
<arg>kalle</arg>
<arg>kalle1234</arg>
<status status="PASS" starttime="20241122 23:31:56.895" endtime="20241122 23:31:56.901"/>
</kw>
<kw name="Go To Register Page" library="resource">
<kw name="Go To" library="SeleniumLibrary">
<arg>${REGISTER_URL}</arg>
<doc>Navigates the current browser window to the provided ``url``.</doc>
<msg timestamp="20241122 23:31:56.903" level="INFO">Opening url 'http://localhost:5001/register'</msg>
<status status="PASS" starttime="20241122 23:31:56.902" endtime="20241122 23:31:57.273"/>
</kw>
<status status="PASS" starttime="20241122 23:31:56.901" endtime="20241122 23:31:57.273"/>
</kw>
<status status="PASS" starttime="20241122 23:31:56.892" endtime="20241122 23:31:57.274"/>
</kw>
<kw name="Set Username">
<arg>aapo</arg>
<kw name="Input Text" library="SeleniumLibrary">
<arg>username</arg>
<arg>${username}</arg>
<doc>Types the given ``text`` into the text field identified by ``locator``.</doc>
<msg timestamp="20241122 23:31:57.277" level="INFO">Typing text 'aapo' into text field 'username'.</msg>
<status status="PASS" starttime="20241122 23:31:57.275" endtime="20241122 23:31:58.259"/>
</kw>
<status status="PASS" starttime="20241122 23:31:57.274" endtime="20241122 23:31:58.259"/>
</kw>
<kw name="Set Password">
<arg>aapo1234</arg>
<kw name="Input Password" library="SeleniumLibrary">
<arg>password</arg>
<arg>${password}</arg>
<doc>Types the given password into the text field identified by ``locator``.</doc>
<msg timestamp="20241122 23:31:58.262" level="INFO">Typing password into text field 'password'.</msg>
<msg timestamp="20241122 23:31:58.835" level="INFO">Temporally setting log level to: NONE</msg>
<msg timestamp="20241122 23:31:59.160" level="INFO">Log level changed from NONE to INFO.</msg>
<status status="PASS" starttime="20241122 23:31:58.261" endtime="20241122 23:31:59.160"/>
</kw>
<status status="PASS" starttime="20241122 23:31:58.260" endtime="20241122 23:31:59.161"/>
</kw>
<kw name="Set Password Confirmation">
<arg>aapo1234</arg>
<kw name="Input Password" library="SeleniumLibrary">
<arg>password_confirmation</arg>
<arg>${password_confirmation}</arg>
<doc>Types the given password into the text field identified by ``locator``.</doc>
<msg timestamp="20241122 23:31:59.164" level="INFO">Typing password into text field 'password_confirmation'.</msg>
<msg timestamp="20241122 23:31:59.728" level="INFO">Temporally setting log level to: NONE</msg>
<msg timestamp="20241122 23:32:00.049" level="INFO">Log level changed from NONE to INFO.</msg>
<status status="PASS" starttime="20241122 23:31:59.162" endtime="20241122 23:32:00.049"/>
</kw>
<status status="PASS" starttime="20241122 23:31:59.161" endtime="20241122 23:32:00.049"/>
</kw>
<kw name="Submit Registration">
<kw name="Click Button" library="SeleniumLibrary">
<arg>Register</arg>
<doc>Clicks the button identified by ``locator``.</doc>
<msg timestamp="20241122 23:32:00.052" level="INFO">Clicking button 'Register'.</msg>
<status status="PASS" starttime="20241122 23:32:00.051" endtime="20241122 23:32:01.206"/>
</kw>
<status status="PASS" starttime="20241122 23:32:00.050" endtime="20241122 23:32:01.207"/>
</kw>
<kw name="Register Should Succeed">
<kw name="Welcome Page Should Be Open" library="resource">
<kw name="Title Should Be" library="SeleniumLibrary">
<arg>Welcome to Ohtu Application!</arg>
<doc>Verifies that the current page title equals ``title``.</doc>
<msg timestamp="20241122 23:32:01.471" level="INFO">Page title is 'Welcome to Ohtu Application!'.</msg>
<status status="PASS" starttime="20241122 23:32:01.208" endtime="20241122 23:32:01.471"/>
</kw>
<status status="PASS" starttime="20241122 23:32:01.208" endtime="20241122 23:32:01.471"/>
</kw>
<status status="PASS" starttime="20241122 23:32:01.207" endtime="20241122 23:32:01.471"/>
</kw>
<kw name="Click Link" library="SeleniumLibrary">
<arg>Continue to main page</arg>
<doc>Clicks a link identified by ``locator``.</doc>
<msg timestamp="20241122 23:32:01.472" level="INFO">Clicking link 'Continue to main page'.</msg>
<status status="PASS" starttime="20241122 23:32:01.472" endtime="20241122 23:32:02.450"/>
</kw>
<kw name="Click Button" library="SeleniumLibrary">
<arg>Logout</arg>
<doc>Clicks the button identified by ``locator``.</doc>
<msg timestamp="20241122 23:32:02.452" level="INFO">Clicking button 'Logout'.</msg>
<status status="PASS" starttime="20241122 23:32:02.451" endtime="20241122 23:32:03.706"/>
</kw>
<kw name="Go To Login Page" library="resource">
<kw name="Go To" library="SeleniumLibrary">
<arg>${LOGIN_URL}</arg>
<doc>Navigates the current browser window to the provided ``url``.</doc>
<msg timestamp="20241122 23:32:03.708" level="INFO">Opening url 'http://localhost:5001/login'</msg>
<status status="PASS" starttime="20241122 23:32:03.707" endtime="20241122 23:32:04.003"/>
</kw>
<status status="PASS" starttime="20241122 23:32:03.706" endtime="20241122 23:32:04.003"/>
</kw>
<kw name="Set Username">
<arg>aapo</arg>
<kw name="Input Text" library="SeleniumLibrary">
<arg>username</arg>
<arg>${username}</arg>
<doc>Types the given ``text`` into the text field identified by ``locator``.</doc>
<msg timestamp="20241122 23:32:04.005" level="INFO">Typing text 'aapo' into text field 'username'.</msg>
<status status="PASS" starttime="20241122 23:32:04.004" endtime="20241122 23:32:04.955"/>
</kw>
<status status="PASS" starttime="20241122 23:32:04.004" endtime="20241122 23:32:04.955"/>
</kw>
<kw name="Set Password">
<arg>aapo1234</arg>
<kw name="Input Password" library="SeleniumLibrary">
<arg>password</arg>
<arg>${password}</arg>
<doc>Types the given password into the text field identified by ``locator``.</doc>
<msg timestamp="20241122 23:32:04.958" level="INFO">Typing password into text field 'password'.</msg>
<msg timestamp="20241122 23:32:05.518" level="INFO">Temporally setting log level to: NONE</msg>
<msg timestamp="20241122 23:32:05.838" level="INFO">Log level changed from NONE to INFO.</msg>
<status status="PASS" starttime="20241122 23:32:04.957" endtime="20241122 23:32:05.839"/>
</kw>
<status status="PASS" starttime="20241122 23:32:04.956" endtime="20241122 23:32:05.839"/>
</kw>
<kw name="Click Button" library="SeleniumLibrary">
<arg>Login</arg>
<doc>Clicks the button identified by ``locator``.</doc>
<msg timestamp="20241122 23:32:05.841" level="INFO">Clicking button 'Login'.</msg>
<status status="PASS" starttime="20241122 23:32:05.840" endtime="20241122 23:32:06.975"/>
</kw>
<kw name="Ohtu Application Should Be Open" library="resource">
<kw name="Title Should Be" library="SeleniumLibrary">
<arg>Ohtu Application main page</arg>
<doc>Verifies that the current page title equals ``title``.</doc>
<msg timestamp="20241122 23:32:07.239" level="INFO">Page title is 'Ohtu Application main page'.</msg>
<status status="PASS" starttime="20241122 23:32:06.975" endtime="20241122 23:32:07.239"/>
</kw>
<status status="PASS" starttime="20241122 23:32:06.975" endtime="20241122 23:32:07.239"/>
</kw>
<status status="PASS" starttime="20241122 23:31:56.891" endtime="20241122 23:32:07.240"/>
</test>
<kw name="Close Browser" library="SeleniumLibrary" type="TEARDOWN">
<doc>Closes the current browser.</doc>
<status status="PASS" starttime="20241122 23:32:07.242" endtime="20241122 23:32:07.608"/>
</kw>
<status status="PASS" starttime="20241122 23:31:56.331" endtime="20241122 23:32:07.608"/>
</suite>
<statistics>
<total>
<stat pass="1" fail="0" skip="0">All Tests</stat>
</total>
<tag>
</tag>
<suite>
<stat pass="1" fail="0" skip="0" id="s1" name="Register">Register</stat>
</suite>
</statistics>
<errors>
</errors>
</robot>
